<?xml version="1.0" encoding="UTF-8"?>
<!-- Generated by org.testng.reporters.JUnitReportReporter -->
<testsuite hostname="Anups-MacBook-Pro.local" name="GetStatusCodeTest" tests="2" failures="0" timestamp="22 Oct 2018 09:46:27 GMT" time="1.600" errors="0">
  <testcase name="testStatusCodeRestAssured" time="0.325" classname="GetStatusCodeTest"/>
  <testcase name="testStatusCode" time="1.275" classname="GetStatusCodeTest"/>
</testsuite> <!-- GetStatusCodeTest -->
