<?xml version="1.0" encoding="UTF-8"?>
<!-- Generated by org.testng.reporters.JUnitReportReporter -->
<testsuite skipped="0" hostname="Anups-MacBook-Pro.local" name="GetJsonresponse" tests="1" failures="0" timestamp="22 Oct 2018 12:25:45 GMT" time="1.552" errors="0">
  <testcase name="test1" time="1.552" classname="GetJsonresponse"/>
</testsuite> <!-- GetJsonresponse -->
